app/build/intermediates/manifest_merge_blame_file/debug/manifest-merger-blame-debug-report.txt
1<?xml version="1.0" encoding="utf-8"?>
2<manifest xmlns:android="http://schemas.android.com/apk/res/android"
3    package="com.airpods.controller"
4    android:versionCode="1"
5    android:versionName="1.0.0" >
6
7    <uses-sdk
8        android:minSdkVersion="26"
9        android:targetSdkVersion="34" />
10
11    <uses-permission
11-->src\main\AndroidManifest.xml:5:5-94
12        android:name="android.permission.BLUETOOTH"
12-->src\main\AndroidManifest.xml:5:22-65
13        android:maxSdkVersion="30" />
13-->src\main\AndroidManifest.xml:5:66-92
14    <uses-permission
14-->src\main\AndroidManifest.xml:6:5-100
15        android:name="android.permission.BLUETOOTH_ADMIN"
15-->src\main\AndroidManifest.xml:6:22-71
16        android:maxSdkVersion="30" />
16-->src\main\AndroidManifest.xml:6:72-98
17    <uses-permission
17-->src\main\AndroidManifest.xml:7:5-9:31
18        android:name="android.permission.BLUETOOTH_SCAN"
18-->src\main\AndroidManifest.xml:7:22-70
19        android:usesPermissionFlags="neverForLocation" />
19-->src\main\AndroidManifest.xml:8:9-55
20    <uses-permission android:name="android.permission.BLUETOOTH_CONNECT" />
20-->src\main\AndroidManifest.xml:10:5-75
20-->src\main\AndroidManifest.xml:10:22-73
21    <uses-permission android:name="android.permission.BLUETOOTH_ADVERTISE" />
21-->src\main\AndroidManifest.xml:11:5-77
21-->src\main\AndroidManifest.xml:11:22-75
22    <uses-permission android:name="android.permission.ACCESS_FINE_LOCATION" />
22-->src\main\AndroidManifest.xml:12:5-78
22-->src\main\AndroidManifest.xml:12:22-76
23    <uses-permission android:name="android.permission.ACCESS_COARSE_LOCATION" />
23-->src\main\AndroidManifest.xml:13:5-80
23-->src\main\AndroidManifest.xml:13:22-78
24    <uses-permission android:name="android.permission.ACCESS_BACKGROUND_LOCATION" />
24-->src\main\AndroidManifest.xml:14:5-84
24-->src\main\AndroidManifest.xml:14:22-82
25    <uses-permission android:name="android.permission.FOREGROUND_SERVICE" />
25-->src\main\AndroidManifest.xml:15:5-76
25-->src\main\AndroidManifest.xml:15:22-74
26    <uses-permission android:name="android.permission.FOREGROUND_SERVICE_CONNECTED_DEVICE" />
26-->src\main\AndroidManifest.xml:16:5-17:31
26-->src\main\AndroidManifest.xml:16:22-91
27    <uses-permission android:name="android.permission.MODIFY_AUDIO_SETTINGS" />
27-->src\main\AndroidManifest.xml:18:5-79
27-->src\main\AndroidManifest.xml:18:22-77
28    <uses-permission android:name="android.permission.WAKE_LOCK" />
28-->src\main\AndroidManifest.xml:19:5-67
28-->src\main\AndroidManifest.xml:19:22-65
29    <uses-permission android:name="android.permission.VIBRATE" />
29-->src\main\AndroidManifest.xml:20:5-65
29-->src\main\AndroidManifest.xml:20:22-63
30    <uses-permission android:name="android.permission.RECEIVE_BOOT_COMPLETED" />
30-->src\main\AndroidManifest.xml:21:5-80
30-->src\main\AndroidManifest.xml:21:22-78
31
32    <uses-feature
32-->src\main\AndroidManifest.xml:23:5-89
33        android:name="android.hardware.bluetooth_le"
33-->src\main\AndroidManifest.xml:23:19-63
34        android:required="true" />
34-->src\main\AndroidManifest.xml:23:64-87
35    <uses-feature
35-->src\main\AndroidManifest.xml:24:5-86
36        android:name="android.hardware.bluetooth"
36-->src\main\AndroidManifest.xml:24:19-60
37        android:required="true" />
37-->src\main\AndroidManifest.xml:24:61-84
38
39    <permission
39-->[androidx.core:core:1.12.0] AndroidManifest.xml:22:5-24:47
40        android:name="com.airpods.controller.DYNAMIC_RECEIVER_NOT_EXPORTED_PERMISSION"
40-->[androidx.core:core:1.12.0] AndroidManifest.xml:23:9-81
41        android:protectionLevel="signature" />
41-->[androidx.core:core:1.12.0] AndroidManifest.xml:24:9-44
42
43    <uses-permission android:name="com.airpods.controller.DYNAMIC_RECEIVER_NOT_EXPORTED_PERMISSION" />
43-->[androidx.core:core:1.12.0] AndroidManifest.xml:26:5-97
43-->[androidx.core:core:1.12.0] AndroidManifest.xml:26:22-94
44
45    <application
45-->src\main\AndroidManifest.xml:26:5-61:19
46        android:name="com.airpods.controller.AirPodsApp"
46-->src\main\AndroidManifest.xml:27:9-35
47        android:allowBackup="true"
47-->src\main\AndroidManifest.xml:28:9-35
48        android:appComponentFactory="androidx.core.app.CoreComponentFactory"
48-->[androidx.core:core:1.12.0] AndroidManifest.xml:28:18-86
49        android:debuggable="true"
50        android:extractNativeLibs="false"
51        android:icon="@mipmap/ic_launcher"
51-->src\main\AndroidManifest.xml:29:9-43
52        android:label="@string/app_name"
52-->src\main\AndroidManifest.xml:31:9-41
53        android:roundIcon="@mipmap/ic_launcher_round"
53-->src\main\AndroidManifest.xml:30:9-54
54        android:supportsRtl="true"
54-->src\main\AndroidManifest.xml:33:9-35
55        android:theme="@style/Theme.AirPodsController" >
55-->src\main\AndroidManifest.xml:32:9-55
56        <activity
56-->src\main\AndroidManifest.xml:35:9-45:20
57            android:name="com.airpods.controller.ui.MainActivity"
57-->src\main\AndroidManifest.xml:36:13-44
58            android:exported="true"
58-->src\main\AndroidManifest.xml:37:13-36
59            android:launchMode="singleTop"
59-->src\main\AndroidManifest.xml:38:13-43
60            android:screenOrientation="portrait"
60-->src\main\AndroidManifest.xml:39:13-49
61            android:windowSoftInputMode="adjustResize" >
61-->src\main\AndroidManifest.xml:40:13-55
62            <intent-filter>
62-->src\main\AndroidManifest.xml:41:13-44:29
63                <action android:name="android.intent.action.MAIN" />
63-->src\main\AndroidManifest.xml:42:17-68
63-->src\main\AndroidManifest.xml:42:25-66
64
65                <category android:name="android.intent.category.LAUNCHER" />
65-->src\main\AndroidManifest.xml:43:17-76
65-->src\main\AndroidManifest.xml:43:27-74
66            </intent-filter>
67        </activity>
68
69        <service
69-->src\main\AndroidManifest.xml:47:9-51:35
70            android:name="com.airpods.controller.service.AirPodsService"
70-->src\main\AndroidManifest.xml:48:13-51
71            android:exported="false"
71-->src\main\AndroidManifest.xml:49:13-37
72            android:foregroundServiceType="connectedDevice" />
72-->src\main\AndroidManifest.xml:50:13-60
73
74        <receiver
74-->src\main\AndroidManifest.xml:53:9-59:20
75            android:name="com.airpods.controller.service.BootReceiver"
75-->src\main\AndroidManifest.xml:54:13-49
76            android:exported="true" >
76-->src\main\AndroidManifest.xml:55:13-36
77            <intent-filter>
77-->src\main\AndroidManifest.xml:56:13-58:29
78                <action android:name="android.intent.action.BOOT_COMPLETED" />
78-->src\main\AndroidManifest.xml:57:17-78
78-->src\main\AndroidManifest.xml:57:25-76
79            </intent-filter>
80        </receiver>
81
82        <activity
82-->[com.google.android.gms:play-services-base:18.1.0] AndroidManifest.xml:20:9-22:45
83            android:name="com.google.android.gms.common.api.GoogleApiActivity"
83-->[com.google.android.gms:play-services-base:18.1.0] AndroidManifest.xml:20:19-85
84            android:exported="false"
84-->[com.google.android.gms:play-services-base:18.1.0] AndroidManifest.xml:22:19-43
85            android:theme="@android:style/Theme.Translucent.NoTitleBar" />
85-->[com.google.android.gms:play-services-base:18.1.0] AndroidManifest.xml:21:19-78
86
87        <meta-data
87-->[com.google.android.gms:play-services-basement:18.1.0] AndroidManifest.xml:21:9-23:69
88            android:name="com.google.android.gms.version"
88-->[com.google.android.gms:play-services-basement:18.1.0] AndroidManifest.xml:22:13-58
89            android:value="@integer/google_play_services_version" />
89-->[com.google.android.gms:play-services-basement:18.1.0] AndroidManifest.xml:23:13-66
90
91        <provider
91-->[androidx.emoji2:emoji2:1.2.0] AndroidManifest.xml:24:9-32:20
92            android:name="androidx.startup.InitializationProvider"
92-->[androidx.emoji2:emoji2:1.2.0] AndroidManifest.xml:25:13-67
93            android:authorities="com.airpods.controller.androidx-startup"
93-->[androidx.emoji2:emoji2:1.2.0] AndroidManifest.xml:26:13-68
94            android:exported="false" >
94-->[androidx.emoji2:emoji2:1.2.0] AndroidManifest.xml:27:13-37
95            <meta-data
95-->[androidx.emoji2:emoji2:1.2.0] AndroidManifest.xml:29:13-31:52
96                android:name="androidx.emoji2.text.EmojiCompatInitializer"
96-->[androidx.emoji2:emoji2:1.2.0] AndroidManifest.xml:30:17-75
97                android:value="androidx.startup" />
97-->[androidx.emoji2:emoji2:1.2.0] AndroidManifest.xml:31:17-49
98            <meta-data
98-->[androidx.lifecycle:lifecycle-process:2.6.2] AndroidManifest.xml:29:13-31:52
99                android:name="androidx.lifecycle.ProcessLifecycleInitializer"
99-->[androidx.lifecycle:lifecycle-process:2.6.2] AndroidManifest.xml:30:17-78
100                android:value="androidx.startup" />
100-->[androidx.lifecycle:lifecycle-process:2.6.2] AndroidManifest.xml:31:17-49
101            <meta-data
101-->[androidx.profileinstaller:profileinstaller:1.3.0] AndroidManifest.xml:29:13-31:52
102                android:name="androidx.profileinstaller.ProfileInstallerInitializer"
102-->[androidx.profileinstaller:profileinstaller:1.3.0] AndroidManifest.xml:30:17-85
103                android:value="androidx.startup" />
103-->[androidx.profileinstaller:profileinstaller:1.3.0] AndroidManifest.xml:31:17-49
104        </provider>
105
106        <receiver
106-->[androidx.profileinstaller:profileinstaller:1.3.0] AndroidManifest.xml:34:9-52:20
107            android:name="androidx.profileinstaller.ProfileInstallReceiver"
107-->[androidx.profileinstaller:profileinstaller:1.3.0] AndroidManifest.xml:35:13-76
108            android:directBootAware="false"
108-->[androidx.profileinstaller:profileinstaller:1.3.0] AndroidManifest.xml:36:13-44
109            android:enabled="true"
109-->[androidx.profileinstaller:profileinstaller:1.3.0] AndroidManifest.xml:37:13-35
110            android:exported="true"
110-->[androidx.profileinstaller:profileinstaller:1.3.0] AndroidManifest.xml:38:13-36
111            android:permission="android.permission.DUMP" >
111-->[androidx.profileinstaller:profileinstaller:1.3.0] AndroidManifest.xml:39:13-57
112            <intent-filter>
112-->[androidx.profileinstaller:profileinstaller:1.3.0] AndroidManifest.xml:40:13-42:29
113                <action android:name="androidx.profileinstaller.action.INSTALL_PROFILE" />
113-->[androidx.profileinstaller:profileinstaller:1.3.0] AndroidManifest.xml:41:17-91
113-->[androidx.profileinstaller:profileinstaller:1.3.0] AndroidManifest.xml:41:25-88
114            </intent-filter>
115            <intent-filter>
115-->[androidx.profileinstaller:profileinstaller:1.3.0] AndroidManifest.xml:43:13-45:29
116                <action android:name="androidx.profileinstaller.action.SKIP_FILE" />
116-->[androidx.profileinstaller:profileinstaller:1.3.0] AndroidManifest.xml:44:17-85
116-->[androidx.profileinstaller:profileinstaller:1.3.0] AndroidManifest.xml:44:25-82
117            </intent-filter>
118            <intent-filter>
118-->[androidx.profileinstaller:profileinstaller:1.3.0] AndroidManifest.xml:46:13-48:29
119                <action android:name="androidx.profileinstaller.action.SAVE_PROFILE" />
119-->[androidx.profileinstaller:profileinstaller:1.3.0] AndroidManifest.xml:47:17-88
119-->[androidx.profileinstaller:profileinstaller:1.3.0] AndroidManifest.xml:47:25-85
120            </intent-filter>
121            <intent-filter>
121-->[androidx.profileinstaller:profileinstaller:1.3.0] AndroidManifest.xml:49:13-51:29
122                <action android:name="androidx.profileinstaller.action.BENCHMARK_OPERATION" />
122-->[androidx.profileinstaller:profileinstaller:1.3.0] AndroidManifest.xml:50:17-95
122-->[androidx.profileinstaller:profileinstaller:1.3.0] AndroidManifest.xml:50:25-92
123            </intent-filter>
124        </receiver>
125    </application>
126
127</manifest>